2018-01-27 23:39:21 WARNING (SyncWorker_7) [netdisco.ssdp] Error fetching description at http://192.168.89.14:9080
2018-01-27 23:41:39 ERROR (MainThread) [homeassistant.core] Timer got out of sync. Resetting
2018-01-27 23:47:39 ERROR (Thread-17) [pychromecast.socket_client] Error reading from socket.
2018-01-27 23:47:39 ERROR (Thread-24) [pychromecast.socket_client] Error reading from socket.
2018-01-27 23:47:39 ERROR (Thread-8) [pychromecast.socket_client] Error reading from socket.
2018-01-27 23:47:39 ERROR (Thread-9) [pychromecast.socket_client] Error reading from socket.
2018-01-27 23:47:39 ERROR (Thread-20) [pychromecast.socket_client] Error reading from socket.
2018-01-27 23:47:39 WARNING (Thread-17) [pychromecast.socket_client] Error communicating with socket, resetting connection
2018-01-27 23:47:39 WARNING (Thread-24) [pychromecast.socket_client] Error communicating with socket, resetting connection
2018-01-27 23:47:39 WARNING (Thread-8) [pychromecast.socket_client] Error communicating with socket, resetting connection
2018-01-27 23:47:39 WARNING (Thread-9) [pychromecast.socket_client] Error communicating with socket, resetting connection
2018-01-27 23:47:39 WARNING (Thread-20) [pychromecast.socket_client] Error communicating with socket, resetting connection
2018-01-27 23:47:39 ERROR (Thread-9) [pychromecast.socket_client] Failed to connect, retrying in 5.0s
2018-01-27 23:47:39 ERROR (Thread-24) [pychromecast.socket_client] Failed to connect, retrying in 5.0s
2018-01-27 23:47:39 ERROR (Thread-17) [pychromecast.socket_client] Failed to connect, retrying in 5.0s
2018-01-27 23:47:39 ERROR (Thread-8) [pychromecast.socket_client] Failed to connect, retrying in 5.0s
2018-01-27 23:47:39 ERROR (Thread-20) [pychromecast.socket_client] Failed to connect, retrying in 5.0s
2018-01-27 23:48:48 ERROR (MainThread) [homeassistant.core] Invalid service data for mqtt.publish: required key not provided @ data['topic']. Got None
2018-01-27 23:50:39 ERROR (Thread-20) [pychromecast.socket_client] Error reading from socket.
2018-01-27 23:50:39 ERROR (Thread-24) [pychromecast.socket_client] Error reading from socket.
2018-01-27 23:50:39 ERROR (Thread-17) [pychromecast.socket_client] Error reading from socket.
2018-01-27 23:50:39 ERROR (Thread-8) [pychromecast.socket_client] Error reading from socket.
2018-01-27 23:50:39 ERROR (Thread-9) [pychromecast.socket_client] Error reading from socket.
2018-01-27 23:50:39 WARNING (Thread-20) [pychromecast.socket_client] Error communicating with socket, resetting connection
2018-01-27 23:50:39 WARNING (Thread-24) [pychromecast.socket_client] Error communicating with socket, resetting connection
2018-01-27 23:50:39 WARNING (Thread-17) [pychromecast.socket_client] Error communicating with socket, resetting connection
2018-01-27 23:50:39 WARNING (Thread-8) [pychromecast.socket_client] Error communicating with socket, resetting connection
2018-01-27 23:50:39 WARNING (Thread-9) [pychromecast.socket_client] Error communicating with socket, resetting connection
2018-01-27 23:50:39 ERROR (Thread-20) [pychromecast.socket_client] Failed to connect, retrying in 5.0s
2018-01-27 23:50:39 ERROR (Thread-24) [pychromecast.socket_client] Failed to connect, retrying in 5.0s
2018-01-27 23:50:39 ERROR (Thread-17) [pychromecast.socket_client] Failed to connect, retrying in 5.0s
2018-01-27 23:50:39 ERROR (Thread-9) [pychromecast.socket_client] Failed to connect, retrying in 5.0s
2018-01-27 23:50:39 ERROR (Thread-8) [pychromecast.socket_client] Failed to connect, retrying in 5.0s
2018-01-28 00:02:39 ERROR (Thread-9) [pychromecast.socket_client] Error reading from socket.
2018-01-28 00:02:39 ERROR (Thread-8) [pychromecast.socket_client] Error reading from socket.
2018-01-28 00:02:39 ERROR (Thread-20) [pychromecast.socket_client] Error reading from socket.
2018-01-28 00:02:39 ERROR (Thread-17) [pychromecast.socket_client] Error reading from socket.
2018-01-28 00:02:39 ERROR (Thread-24) [pychromecast.socket_client] Error reading from socket.
2018-01-28 00:02:39 WARNING (Thread-9) [pychromecast.socket_client] Error communicating with socket, resetting connection
2018-01-28 00:02:39 WARNING (Thread-8) [pychromecast.socket_client] Error communicating with socket, resetting connection
2018-01-28 00:02:39 WARNING (Thread-20) [pychromecast.socket_client] Error communicating with socket, resetting connection
2018-01-28 00:02:39 WARNING (Thread-17) [pychromecast.socket_client] Error communicating with socket, resetting connection
2018-01-28 00:02:39 WARNING (Thread-24) [pychromecast.socket_client] Error communicating with socket, resetting connection
2018-01-28 00:02:39 ERROR (Thread-9) [pychromecast.socket_client] Failed to connect, retrying in 5.0s
2018-01-28 00:02:39 ERROR (Thread-8) [pychromecast.socket_client] Failed to connect, retrying in 5.0s
2018-01-28 00:02:39 ERROR (Thread-17) [pychromecast.socket_client] Failed to connect, retrying in 5.0s
2018-01-28 00:02:39 ERROR (Thread-24) [pychromecast.socket_client] Failed to connect, retrying in 5.0s
2018-01-28 00:02:39 ERROR (Thread-20) [pychromecast.socket_client] Failed to connect, retrying in 5.0s
2018-01-28 00:16:06 WARNING (MainThread) [homeassistant.components.group] Group 'all_automations' doesn't exist!
2018-01-28 00:16:39 ERROR (Thread-20) [pychromecast.socket_client] Error reading from socket.
2018-01-28 00:16:39 ERROR (Thread-9) [pychromecast.socket_client] Error reading from socket.
2018-01-28 00:16:39 ERROR (Thread-24) [pychromecast.socket_client] Error reading from socket.
2018-01-28 00:16:39 ERROR (Thread-17) [pychromecast.socket_client] Error reading from socket.
2018-01-28 00:16:39 WARNING (Thread-20) [pychromecast.socket_client] Error communicating with socket, resetting connection
2018-01-28 00:16:39 ERROR (Thread-8) [pychromecast.socket_client] Error reading from socket.
2018-01-28 00:16:39 WARNING (Thread-24) [pychromecast.socket_client] Error communicating with socket, resetting connection
2018-01-28 00:16:39 WARNING (Thread-9) [pychromecast.socket_client] Error communicating with socket, resetting connection
2018-01-28 00:16:39 WARNING (Thread-17) [pychromecast.socket_client] Error communicating with socket, resetting connection
2018-01-28 00:16:39 WARNING (Thread-8) [pychromecast.socket_client] Error communicating with socket, resetting connection
2018-01-28 00:16:39 ERROR (Thread-20) [pychromecast.socket_client] Failed to connect, retrying in 5.0s
2018-01-28 00:16:39 ERROR (Thread-24) [pychromecast.socket_client] Failed to connect, retrying in 5.0s
2018-01-28 00:16:39 ERROR (Thread-9) [pychromecast.socket_client] Failed to connect, retrying in 5.0s
2018-01-28 00:16:40 ERROR (Thread-17) [pychromecast.socket_client] Failed to connect, retrying in 5.0s
2018-01-28 00:16:40 ERROR (Thread-8) [pychromecast.socket_client] Failed to connect, retrying in 5.0s
2018-01-28 00:17:04 WARNING (MainThread) [homeassistant.components.group] Group 'all_automations' doesn't exist!
2018-01-28 00:37:40 ERROR (Thread-20) [pychromecast.socket_client] Error reading from socket.
2018-01-28 00:37:40 ERROR (Thread-8) [pychromecast.socket_client] Error reading from socket.
2018-01-28 00:37:40 ERROR (Thread-24) [pychromecast.socket_client] Error reading from socket.
2018-01-28 00:37:40 ERROR (Thread-17) [pychromecast.socket_client] Error reading from socket.
2018-01-28 00:37:40 ERROR (Thread-9) [pychromecast.socket_client] Error reading from socket.
2018-01-28 00:37:40 WARNING (Thread-20) [pychromecast.socket_client] Error communicating with socket, resetting connection
2018-01-28 00:37:40 WARNING (Thread-8) [pychromecast.socket_client] Error communicating with socket, resetting connection
2018-01-28 00:37:40 WARNING (Thread-24) [pychromecast.socket_client] Error communicating with socket, resetting connection
2018-01-28 00:37:40 WARNING (Thread-17) [pychromecast.socket_client] Error communicating with socket, resetting connection
2018-01-28 00:37:40 WARNING (Thread-9) [pychromecast.socket_client] Error communicating with socket, resetting connection
2018-01-28 00:37:40 ERROR (Thread-20) [pychromecast.socket_client] Failed to connect, retrying in 5.0s
2018-01-28 00:37:40 ERROR (Thread-8) [pychromecast.socket_client] Failed to connect, retrying in 5.0s
2018-01-28 00:37:40 ERROR (Thread-17) [pychromecast.socket_client] Failed to connect, retrying in 5.0s
2018-01-28 00:37:40 ERROR (Thread-24) [pychromecast.socket_client] Failed to connect, retrying in 5.0s
2018-01-28 00:37:40 ERROR (Thread-9) [pychromecast.socket_client] Failed to connect, retrying in 5.0s
